<?xml version="1.0" encoding="UTF-8"?>
<!-- Generated by org.testng.reporters.JUnitReportReporter -->
<testsuite hostname="DESKTOP-1RHU1NU" failures="0" tests="2" name="com.comcast.contact.OrgTest" time="0.021" errors="0" timestamp="22 Sep 2021 12:43:08 GMT" skipped="0">
  <testcase classname="com.comcast.contact.OrgTest" name="createcontactTest" time="0.019"/>
  <testcase classname="com.comcast.contact.OrgTest" name="createcontactwithTest" time="0.002"/>
</testsuite> <!-- com.comcast.contact.OrgTest -->
