<?xml version="1.0" encoding="UTF-8"?>
<!-- Generated by org.testng.reporters.JUnitReportReporter -->
<testsuite hostname="DESKTOP-1RHU1NU" failures="0" tests="3" name="com.comcast.contact.Contacttest" time="0.039" errors="0" timestamp="21 Sep 2021 11:29:13 GMT" skipped="0">
  <testcase classname="com.comcast.contact.Contacttest" name="createcontactTest" time="0.034"/>
  <testcase classname="com.comcast.contact.Contacttest" name="deletecreatecontactTest" time="0.002"/>
  <testcase classname="com.comcast.contact.Contacttest" name="createcontactwithTest" time="0.003"/>
</testsuite> <!-- com.comcast.contact.Contacttest -->
